c:\users\fagnerdeassismourapi\desktop\lab 2\chapter01\debug\vc143.pdb
c:\users\fagnerdeassismourapi\desktop\lab 2\chapter01\debug\vc143.idb
c:\users\fagnerdeassismourapi\desktop\lab 2\chapter01\debug\main.obj
c:\users\fagnerdeassismourapi\desktop\lab 2\chapter01\debug\game.obj
c:\users\unifthsilva\downloads\lab 1\chapter01\debug\vc143.pdb
c:\users\unifthsilva\downloads\lab 1\chapter01\debug\vc143.idb
c:\users\unifthsilva\downloads\lab 1\chapter01\debug\main.obj
c:\users\unifthsilva\downloads\lab 1\chapter01\debug\game.obj
f:\arquivos\fei\dev de jogos\ping-pong\pong_ping-main\chapter01\debug\vc143.pdb
f:\arquivos\fei\dev de jogos\ping-pong\pong_ping-main\chapter01\debug\vc143.idb
f:\arquivos\fei\dev de jogos\ping-pong\pong_ping-main\chapter01\debug\main.obj
f:\arquivos\fei\dev de jogos\ping-pong\pong_ping-main\chapter01\debug\game.obj
f:\arquivos\fei\dev de jogos\ping-pong\pong_ping-main v1.2\chapter01\debug\vc143.pdb
f:\arquivos\fei\dev de jogos\ping-pong\pong_ping-main v1.2\chapter01\debug\vc143.idb
f:\arquivos\fei\dev de jogos\ping-pong\pong_ping-main v1.2\chapter01\debug\main.obj
f:\arquivos\fei\dev de jogos\ping-pong\pong_ping-main v1.2\chapter01\debug\game.obj
c:\users\unifgchagas\downloads\pong_ping-main\chapter01\debug\game.ilk
c:\users\unifgchagas\downloads\pong_ping-main\chapter01\debug\game.exe
c:\users\unifgchagas\downloads\pong_ping-main\chapter01\debug\game.pdb
d:\lucam\documents\coding stuff\fei\7th sem\desen jogos\pong_ping\chapter01\debug\game.obj
d:\lucam\documents\coding stuff\fei\7th sem\desen jogos\pong_ping\chapter01\debug\main.obj
d:\lucam\documents\coding stuff\fei\7th sem\desen jogos\pong_ping\chapter01\debug\game.ilk
d:\lucam\documents\coding stuff\fei\7th sem\desen jogos\pong_ping\chapter01\debug\vc143.idb
d:\lucam\documents\coding stuff\fei\7th sem\desen jogos\pong_ping\chapter01\debug\game.pdb
d:\lucam\documents\coding stuff\fei\7th sem\desen jogos\pong_ping\chapter01\debug\vc143.pdb
d:\lucam\documents\coding stuff\fei\7th sem\desen jogos\pong_ping\chapter01\debug\game.exe
d:\lucam\documents\coding stuff\fei\7th sem\desen jogos\pong_ping\chapter01\debug\game.tlog\cl.command.1.tlog
d:\lucam\documents\coding stuff\fei\7th sem\desen jogos\pong_ping\chapter01\debug\game.tlog\cl.read.1.tlog
d:\lucam\documents\coding stuff\fei\7th sem\desen jogos\pong_ping\chapter01\debug\game.tlog\cl.write.1.tlog
d:\lucam\documents\coding stuff\fei\7th sem\desen jogos\pong_ping\chapter01\debug\game.tlog\link.command.1.tlog
d:\lucam\documents\coding stuff\fei\7th sem\desen jogos\pong_ping\chapter01\debug\game.tlog\link.read.1.tlog
d:\lucam\documents\coding stuff\fei\7th sem\desen jogos\pong_ping\chapter01\debug\game.tlog\link.write.1.tlog
