  GameArkanoid.cpp
F:\Arquivos\FEI\Dev de Jogos\Ping-pong\Chapter01\GameArkanoid.cpp(64,12): warning C4244: 'argumento': conversão de 'time_t' para 'unsigned int', possível perda de dados
F:\Arquivos\FEI\Dev de Jogos\Ping-pong\Chapter01\GameArkanoid.cpp(455,40): warning C4838: a conversão de 'float' em 'int' requer uma conversão de restrição
F:\Arquivos\FEI\Dev de Jogos\Ping-pong\Chapter01\GameArkanoid.cpp(455,40): warning C4244: 'inicializando': conversão de 'float' para 'int', possível perda de dados
F:\Arquivos\FEI\Dev de Jogos\Ping-pong\Chapter01\GameArkanoid.cpp(511,29): warning C4838: a conversão de 'float' em 'int' requer uma conversão de restrição
F:\Arquivos\FEI\Dev de Jogos\Ping-pong\Chapter01\GameArkanoid.cpp(511,29): warning C4244: 'inicializando': conversão de 'float' para 'int', possível perda de dados
F:\Arquivos\FEI\Dev de Jogos\Ping-pong\Chapter01\GameArkanoid.cpp(512,29): warning C4838: a conversão de 'float' em 'int' requer uma conversão de restrição
F:\Arquivos\FEI\Dev de Jogos\Ping-pong\Chapter01\GameArkanoid.cpp(512,29): warning C4244: 'inicializando': conversão de 'float' para 'int', possível perda de dados
  Game.vcxproj -> F:\Arquivos\FEI\Dev de Jogos\Ping-pong\Chapter01\Debug\Game.exe
  F:\Arquivos\FEI\Dev de Jogos\Ping-pong\Chapter01\\..\external\SDL\lib\win\x86\libfreetype-6.dll
  F:\Arquivos\FEI\Dev de Jogos\Ping-pong\Chapter01\\..\external\SDL\lib\win\x86\libogg-0.dll
  F:\Arquivos\FEI\Dev de Jogos\Ping-pong\Chapter01\\..\external\SDL\lib\win\x86\libpng16-16.dll
  F:\Arquivos\FEI\Dev de Jogos\Ping-pong\Chapter01\\..\external\SDL\lib\win\x86\libvorbis-0.dll
  F:\Arquivos\FEI\Dev de Jogos\Ping-pong\Chapter01\\..\external\SDL\lib\win\x86\libvorbisfile-3.dll
  F:\Arquivos\FEI\Dev de Jogos\Ping-pong\Chapter01\\..\external\SDL\lib\win\x86\SDL2.dll
  F:\Arquivos\FEI\Dev de Jogos\Ping-pong\Chapter01\\..\external\SDL\lib\win\x86\SDL2_image.dll
  F:\Arquivos\FEI\Dev de Jogos\Ping-pong\Chapter01\\..\external\SDL\lib\win\x86\SDL2_mixer.dll
  F:\Arquivos\FEI\Dev de Jogos\Ping-pong\Chapter01\\..\external\SDL\lib\win\x86\SDL2_ttf.dll
  F:\Arquivos\FEI\Dev de Jogos\Ping-pong\Chapter01\\..\external\SDL\lib\win\x86\zlib1.dll
  10 File(s) copied
  F:\Arquivos\FEI\Dev de Jogos\Ping-pong\Chapter01\\..\external\GLEW\lib\win\x86\glew32.dll
  1 File(s) copied
